{"D:\\Frontend-Test\\frontend\\components\\ProductDetails.tsx": {"path":"D:\\Frontend-Test\\frontend\\components\\ProductDetails.tsx","statementMap":{"0":{"start":{"line":7,"column":33},"end":{"line":107,"column":1}},"1":{"start":{"line":8,"column":32},"end":{"line":8,"column":51}},"2":{"start":{"line":9,"column":32},"end":{"line":9,"column":46}},"3":{"start":{"line":10,"column":28},"end":{"line":10,"column":57}},"4":{"start":{"line":13,"column":2},"end":{"line":31,"column":9}},"5":{"start":{"line":14,"column":32},"end":{"line":28,"column":5}},"6":{"start":{"line":15,"column":6},"end":{"line":27,"column":7}},"7":{"start":{"line":17,"column":31},"end":{"line":17,"column":76}},"8":{"start":{"line":18,"column":8},"end":{"line":22,"column":9}},"9":{"start":{"line":19,"column":10},"end":{"line":19,"column":49}},"10":{"start":{"line":21,"column":10},"end":{"line":21,"column":55}},"11":{"start":{"line":24,"column":8},"end":{"line":24,"column":51}},"12":{"start":{"line":26,"column":8},"end":{"line":26,"column":26}},"13":{"start":{"line":30,"column":4},"end":{"line":30,"column":26}},"14":{"start":{"line":34,"column":2},"end":{"line":36,"column":3}},"15":{"start":{"line":35,"column":4},"end":{"line":35,"column":58}},"16":{"start":{"line":39,"column":2},"end":{"line":41,"column":3}},"17":{"start":{"line":40,"column":4},"end":{"line":40,"column":53}},"18":{"start":{"line":44,"column":2},"end":{"line":46,"column":3}},"19":{"start":{"line":45,"column":4},"end":{"line":45,"column":78}},"20":{"start":{"line":49,"column":21},"end":{"line":51,"column":3}},"21":{"start":{"line":54,"column":23},"end":{"line":56,"column":3}},"22":{"start":{"line":58,"column":2},"end":{"line":106,"column":4}}},"fnMap":{"0":{"name":"(anonymous_0)","decl":{"start":{"line":7,"column":33},"end":{"line":7,"column":34}},"loc":{"start":{"line":7,"column":39},"end":{"line":107,"column":1}},"line":7},"1":{"name":"(anonymous_1)","decl":{"start":{"line":13,"column":12},"end":{"line":13,"column":13}},"loc":{"start":{"line":13,"column":18},"end":{"line":31,"column":3}},"line":13},"2":{"name":"(anonymous_2)","decl":{"start":{"line":14,"column":32},"end":{"line":14,"column":33}},"loc":{"start":{"line":14,"column":44},"end":{"line":28,"column":5}},"line":14},"3":{"name":"(anonymous_3)","decl":{"start":{"line":49,"column":21},"end":{"line":49,"column":22}},"loc":{"start":{"line":49,"column":27},"end":{"line":51,"column":3}},"line":49},"4":{"name":"(anonymous_4)","decl":{"start":{"line":54,"column":23},"end":{"line":54,"column":24}},"loc":{"start":{"line":54,"column":29},"end":{"line":56,"column":3}},"line":54}},"branchMap":{"0":{"loc":{"start":{"line":18,"column":8},"end":{"line":22,"column":9}},"type":"if","locations":[{"start":{"line":18,"column":8},"end":{"line":22,"column":9}},{"start":{"line":20,"column":15},"end":{"line":22,"column":9}}],"line":18},"1":{"loc":{"start":{"line":34,"column":2},"end":{"line":36,"column":3}},"type":"if","locations":[{"start":{"line":34,"column":2},"end":{"line":36,"column":3}},{"start":{},"end":{}}],"line":34},"2":{"loc":{"start":{"line":39,"column":2},"end":{"line":41,"column":3}},"type":"if","locations":[{"start":{"line":39,"column":2},"end":{"line":41,"column":3}},{"start":{},"end":{}}],"line":39},"3":{"loc":{"start":{"line":44,"column":2},"end":{"line":46,"column":3}},"type":"if","locations":[{"start":{"line":44,"column":2},"end":{"line":46,"column":3}},{"start":{},"end":{}}],"line":44},"4":{"loc":{"start":{"line":78,"column":7},"end":{"line":83,"column":7}},"type":"binary-expr","locations":[{"start":{"line":78,"column":7},"end":{"line":78,"column":19}},{"start":{"line":79,"column":8},"end":{"line":82,"column":10}}],"line":78}},"s":{"0":1,"1":13,"2":12,"3":12,"4":12,"5":4,"6":4,"7":4,"8":3,"9":1,"10":2,"11":1,"12":4,"13":4,"14":12,"15":8,"16":4,"17":3,"18":1,"19":0,"20":1,"21":1,"22":1},"f":{"0":13,"1":4,"2":4,"3":0,"4":0},"b":{"0":[1,2],"1":[8,4],"2":[3,1],"3":[0,1],"4":[1,1]},"_coverageSchema":"1a1c01bbd47fc00a2c39e90264f33305004495a9","hash":"af039a7cb46ef34d53d1c0463efac20c64b58cc5"}
,"D:\\Frontend-Test\\frontend\\components\\Test.tsx": {"path":"D:\\Frontend-Test\\frontend\\components\\Test.tsx","statementMap":{"0":{"start":{"line":5,"column":23},"end":{"line":11,"column":1}},"1":{"start":{"line":6,"column":2},"end":{"line":10,"column":4}},"2":{"start":{"line":13,"column":15},"end":{"line":23,"column":2}}},"fnMap":{"0":{"name":"(anonymous_0)","decl":{"start":{"line":5,"column":23},"end":{"line":5,"column":24}},"loc":{"start":{"line":5,"column":29},"end":{"line":11,"column":1}},"line":5}},"branchMap":{},"s":{"0":1,"1":1,"2":1},"f":{"0":1},"b":{},"_coverageSchema":"1a1c01bbd47fc00a2c39e90264f33305004495a9","hash":"6b7118d07baf922a27a59ca3e23f4e0b61f8a204"}
,"D:\\Frontend-Test\\frontend\\components\\ViewProducts.tsx": {"path":"D:\\Frontend-Test\\frontend\\components\\ViewProducts.tsx","statementMap":{"0":{"start":{"line":14,"column":59},"end":{"line":85,"column":1}},"1":{"start":{"line":15,"column":34},"end":{"line":15,"column":57}},"2":{"start":{"line":16,"column":28},"end":{"line":16,"column":57}},"3":{"start":{"line":17,"column":40},"end":{"line":17,"column":60}},"4":{"start":{"line":20,"column":2},"end":{"line":31,"column":9}},"5":{"start":{"line":21,"column":26},"end":{"line":28,"column":5}},"6":{"start":{"line":22,"column":6},"end":{"line":27,"column":7}},"7":{"start":{"line":23,"column":25},"end":{"line":23,"column":88}},"8":{"start":{"line":24,"column":8},"end":{"line":24,"column":35}},"9":{"start":{"line":26,"column":8},"end":{"line":26,"column":44}},"10":{"start":{"line":30,"column":4},"end":{"line":30,"column":20}},"11":{"start":{"line":34,"column":3},"end":{"line":36,"column":3}},"12":{"start":{"line":35,"column":4},"end":{"line":35,"column":53}},"13":{"start":{"line":38,"column":27},"end":{"line":40,"column":3}},"14":{"start":{"line":39,"column":4},"end":{"line":39,"column":66}},"15":{"start":{"line":43,"column":29},"end":{"line":51,"column":3}},"16":{"start":{"line":44,"column":4},"end":{"line":50,"column":5}},"17":{"start":{"line":45,"column":6},"end":{"line":45,"column":77}},"18":{"start":{"line":46,"column":6},"end":{"line":46,"column":53}},"19":{"start":{"line":47,"column":6},"end":{"line":47,"column":44}},"20":{"start":{"line":49,"column":6},"end":{"line":49,"column":61}},"21":{"start":{"line":53,"column":2},"end":{"line":84,"column":4}},"22":{"start":{"line":65,"column":10},"end":{"line":80,"column":17}},"23":{"start":{"line":73,"column":31},"end":{"line":73,"column":55}}},"fnMap":{"0":{"name":"(anonymous_0)","decl":{"start":{"line":14,"column":59},"end":{"line":14,"column":60}},"loc":{"start":{"line":14,"column":79},"end":{"line":85,"column":1}},"line":14},"1":{"name":"(anonymous_1)","decl":{"start":{"line":20,"column":12},"end":{"line":20,"column":13}},"loc":{"start":{"line":20,"column":18},"end":{"line":31,"column":3}},"line":20},"2":{"name":"(anonymous_2)","decl":{"start":{"line":21,"column":26},"end":{"line":21,"column":27}},"loc":{"start":{"line":21,"column":38},"end":{"line":28,"column":5}},"line":21},"3":{"name":"(anonymous_3)","decl":{"start":{"line":38,"column":43},"end":{"line":38,"column":44}},"loc":{"start":{"line":39,"column":4},"end":{"line":39,"column":66}},"line":39},"4":{"name":"(anonymous_4)","decl":{"start":{"line":43,"column":29},"end":{"line":43,"column":30}},"loc":{"start":{"line":43,"column":57},"end":{"line":51,"column":3}},"line":43},"5":{"name":"(anonymous_5)","decl":{"start":{"line":64,"column":30},"end":{"line":64,"column":31}},"loc":{"start":{"line":65,"column":10},"end":{"line":80,"column":17}},"line":65},"6":{"name":"(anonymous_6)","decl":{"start":{"line":73,"column":25},"end":{"line":73,"column":26}},"loc":{"start":{"line":73,"column":31},"end":{"line":73,"column":55}},"line":73}},"branchMap":{"0":{"loc":{"start":{"line":34,"column":3},"end":{"line":36,"column":3}},"type":"if","locations":[{"start":{"line":34,"column":3},"end":{"line":36,"column":3}},{"start":{},"end":{}}],"line":34},"1":{"loc":{"start":{"line":79,"column":13},"end":{"line":79,"column":85}},"type":"binary-expr","locations":[{"start":{"line":79,"column":13},"end":{"line":79,"column":48}},{"start":{"line":79,"column":52},"end":{"line":79,"column":85}}],"line":79}},"s":{"0":1,"1":8,"2":8,"3":8,"4":8,"5":3,"6":3,"7":3,"8":2,"9":1,"10":3,"11":8,"12":1,"13":7,"14":4,"15":7,"16":1,"17":1,"18":1,"19":1,"20":0,"21":7,"22":3,"23":1},"f":{"0":8,"1":3,"2":3,"3":4,"4":1,"5":3,"6":1},"b":{"0":[1,7],"1":[3,0]},"_coverageSchema":"1a1c01bbd47fc00a2c39e90264f33305004495a9","hash":"4d7cc5f4e80cec1e5e613d50940cc6163391b6b9"}
,"D:\\Frontend-Test\\frontend\\styles\\ProductDetailsStyles.ts": {"path":"D:\\Frontend-Test\\frontend\\styles\\ProductDetailsStyles.ts","statementMap":{"0":{"start":{"line":3,"column":15},"end":{"line":88,"column":2}}},"fnMap":{},"branchMap":{},"s":{"0":1},"f":{},"b":{},"_coverageSchema":"1a1c01bbd47fc00a2c39e90264f33305004495a9","hash":"eb1930cf470907f920fc470d4407d56e6546e441"}
,"D:\\Frontend-Test\\frontend\\styles\\ViewProductsStyles.ts": {"path":"D:\\Frontend-Test\\frontend\\styles\\ViewProductsStyles.ts","statementMap":{"0":{"start":{"line":3,"column":22},"end":{"line":102,"column":2}}},"fnMap":{},"branchMap":{},"s":{"0":1},"f":{},"b":{},"_coverageSchema":"1a1c01bbd47fc00a2c39e90264f33305004495a9","hash":"2ad88d065a4f5d2e2ce2b24ff662857fa062bde2"}
}
