TN:
SF:components\ProductDetails.tsx
FN:7,(anonymous_0)
FN:13,(anonymous_1)
FN:14,(anonymous_2)
FN:49,(anonymous_3)
FN:54,(anonymous_4)
FNF:5
FNH:3
FNDA:13,(anonymous_0)
FNDA:4,(anonymous_1)
FNDA:4,(anonymous_2)
FNDA:0,(anonymous_3)
FNDA:0,(anonymous_4)
DA:7,1
DA:8,13
DA:9,12
DA:10,12
DA:13,12
DA:14,4
DA:15,4
DA:17,4
DA:18,3
DA:19,1
DA:21,2
DA:24,1
DA:26,4
DA:30,4
DA:34,12
DA:35,8
DA:39,4
DA:40,3
DA:44,1
DA:45,0
DA:49,1
DA:54,1
DA:58,1
LF:23
LH:22
BRDA:18,0,0,1
BRDA:18,0,1,2
BRDA:34,1,0,8
BRDA:34,1,1,4
BRDA:39,2,0,3
BRDA:39,2,1,1
BRDA:44,3,0,0
BRDA:44,3,1,1
BRDA:78,4,0,1
BRDA:78,4,1,1
BRF:10
BRH:9
end_of_record
TN:
SF:components\Test.tsx
FN:5,(anonymous_0)
FNF:1
FNH:1
FNDA:1,(anonymous_0)
DA:5,1
DA:6,1
DA:13,1
LF:3
LH:3
BRF:0
BRH:0
end_of_record
TN:
SF:components\ViewProducts.tsx
FN:14,(anonymous_0)
FN:20,(anonymous_1)
FN:21,(anonymous_2)
FN:38,(anonymous_3)
FN:43,(anonymous_4)
FN:64,(anonymous_5)
FN:73,(anonymous_6)
FNF:7
FNH:7
FNDA:8,(anonymous_0)
FNDA:3,(anonymous_1)
FNDA:3,(anonymous_2)
FNDA:4,(anonymous_3)
FNDA:1,(anonymous_4)
FNDA:3,(anonymous_5)
FNDA:1,(anonymous_6)
DA:14,1
DA:15,8
DA:16,8
DA:17,8
DA:20,8
DA:21,3
DA:22,3
DA:23,3
DA:24,2
DA:26,1
DA:30,3
DA:34,8
DA:35,1
DA:38,7
DA:39,4
DA:43,7
DA:44,1
DA:45,1
DA:46,1
DA:47,1
DA:49,0
DA:53,7
DA:65,3
DA:73,1
LF:24
LH:23
BRDA:34,0,0,1
BRDA:34,0,1,7
BRDA:79,1,0,3
BRDA:79,1,1,0
BRF:4
BRH:3
end_of_record
TN:
SF:styles\ProductDetailsStyles.ts
FNF:0
FNH:0
DA:3,1
LF:1
LH:1
BRF:0
BRH:0
end_of_record
TN:
SF:styles\ViewProductsStyles.ts
FNF:0
FNH:0
DA:3,1
LF:1
LH:1
BRF:0
BRH:0
end_of_record
